[7.520s] DEBUG:colcon:Command line arguments: ['/usr/bin/colcon', 'build']
[7.520s] DEBUG:colcon:Parsed command line arguments: Namespace(allow_overriding=[], ament_cmake_args=None, base_paths=['.'], build_base='build', catkin_cmake_args=None, catkin_skip_building_tests=False, cmake_args=None, cmake_clean_cache=False, cmake_clean_first=False, cmake_force_configure=False, cmake_target=None, cmake_target_skip_unavailable=False, continue_on_error=False, event_handlers=None, executor='parallel', ignore_user_meta=False, install_base='install', log_base=None, log_level=None, main=<bound method BuildVerb.main of <colcon_core.verb.build.BuildVerb object at 0x7f6c0c12b820>>, merge_install=False, metas=['./colcon.meta'], packages_above=None, packages_above_and_dependencies=None, packages_above_depth=None, packages_end=None, packages_ignore=None, packages_ignore_regex=None, packages_select=None, packages_select_build_failed=False, packages_select_by_dep=None, packages_select_regex=None, packages_select_test_failures=False, packages_skip=None, packages_skip_build_finished=False, packages_skip_by_dep=None, packages_skip_regex=None, packages_skip_test_passed=False, packages_skip_up_to=None, packages_start=None, packages_up_to=None, packages_up_to_regex=None, parallel_workers=6, paths=None, symlink_install=False, test_result_base=None, verb_extension=<colcon_core.verb.build.BuildVerb object at 0x7f6c0c12b820>, verb_name='build', verb_parser=<colcon_defaults.argument_parser.defaults.DefaultArgumentsDecorator object at 0x7f6c0c0ba670>)
[7.903s] Level 1:colcon.colcon_core.package_discovery:discover_packages(colcon_meta) check parameters
[7.903s] Level 1:colcon.colcon_core.package_discovery:discover_packages(recursive) check parameters
[7.903s] Level 1:colcon.colcon_core.package_discovery:discover_packages(ignore) check parameters
[7.903s] Level 1:colcon.colcon_core.package_discovery:discover_packages(path) check parameters
[7.903s] Level 1:colcon.colcon_core.package_discovery:discover_packages(colcon_meta) discover
[7.903s] Level 1:colcon.colcon_core.package_discovery:discover_packages(recursive) discover
[7.903s] INFO:colcon.colcon_core.package_discovery:Crawling recursively for packages in '/home/zhangyuanwei/ws1_livox/src/FAST_LIO_LOCALIZATION_PLUS'
[7.903s] Level 1:colcon.colcon_core.package_identification:_identify(.) by extensions ['ignore', 'ignore_ament_install']
[7.903s] Level 1:colcon.colcon_core.package_identification:_identify(.) by extension 'ignore'
[7.903s] Level 1:colcon.colcon_core.package_identification:_identify(.) by extension 'ignore_ament_install'
[7.903s] Level 1:colcon.colcon_core.package_identification:_identify(.) by extensions ['colcon_pkg']
[7.903s] Level 1:colcon.colcon_core.package_identification:_identify(.) by extension 'colcon_pkg'
[7.904s] Level 1:colcon.colcon_core.package_identification:_identify(.) by extensions ['colcon_meta']
[7.904s] Level 1:colcon.colcon_core.package_identification:_identify(.) by extension 'colcon_meta'
[7.904s] Level 1:colcon.colcon_core.package_identification:_identify(.) by extensions ['ros']
[7.904s] Level 1:colcon.colcon_core.package_identification:_identify(.) by extension 'ros'
[8.005s] DEBUG:colcon.colcon_core.package_identification:Package '.' with type 'ros.catkin' and name 'fast_lio'
[8.005s] Level 1:colcon.colcon_core.package_discovery:discover_packages(recursive) using defaults
[8.005s] Level 1:colcon.colcon_core.package_discovery:discover_packages(ignore) discover
[8.005s] Level 1:colcon.colcon_core.package_discovery:discover_packages(ignore) using defaults
[8.006s] Level 1:colcon.colcon_core.package_discovery:discover_packages(path) discover
[8.006s] Level 1:colcon.colcon_core.package_discovery:discover_packages(path) using defaults
[8.427s] Level 1:colcon.colcon_core.package_discovery:discover_packages(prefix_path) check parameters
[8.427s] Level 1:colcon.colcon_core.package_discovery:discover_packages(prefix_path) discover
[8.547s] DEBUG:colcon.colcon_installed_package_information.package_discovery:Found 268 installed packages in /opt/ros/galactic
[8.548s] Level 1:colcon.colcon_core.package_discovery:discover_packages(prefix_path) using defaults
[9.468s] Level 5:colcon.colcon_core.verb:set package 'fast_lio' build argument 'cmake_args' from command line to 'None'
[9.468s] Level 5:colcon.colcon_core.verb:set package 'fast_lio' build argument 'cmake_target' from command line to 'None'
[9.468s] Level 5:colcon.colcon_core.verb:set package 'fast_lio' build argument 'cmake_target_skip_unavailable' from command line to 'False'
[9.468s] Level 5:colcon.colcon_core.verb:set package 'fast_lio' build argument 'cmake_clean_cache' from command line to 'False'
[9.468s] Level 5:colcon.colcon_core.verb:set package 'fast_lio' build argument 'cmake_clean_first' from command line to 'False'
[9.468s] Level 5:colcon.colcon_core.verb:set package 'fast_lio' build argument 'cmake_force_configure' from command line to 'False'
[9.468s] Level 5:colcon.colcon_core.verb:set package 'fast_lio' build argument 'ament_cmake_args' from command line to 'None'
[9.468s] Level 5:colcon.colcon_core.verb:set package 'fast_lio' build argument 'catkin_cmake_args' from command line to 'None'
[9.468s] Level 5:colcon.colcon_core.verb:set package 'fast_lio' build argument 'catkin_skip_building_tests' from command line to 'False'
[9.468s] DEBUG:colcon.colcon_core.verb:Building package 'fast_lio' with the following arguments: {'ament_cmake_args': None, 'build_base': '/home/zhangyuanwei/ws1_livox/src/FAST_LIO_LOCALIZATION_PLUS/build/fast_lio', 'catkin_cmake_args': None, 'catkin_skip_building_tests': False, 'cmake_args': None, 'cmake_clean_cache': False, 'cmake_clean_first': False, 'cmake_force_configure': False, 'cmake_target': None, 'cmake_target_skip_unavailable': False, 'install_base': '/home/zhangyuanwei/ws1_livox/src/FAST_LIO_LOCALIZATION_PLUS/install/fast_lio', 'merge_install': False, 'path': '/home/zhangyuanwei/ws1_livox/src/FAST_LIO_LOCALIZATION_PLUS', 'symlink_install': False, 'test_result_base': None}
[9.521s] INFO:colcon.colcon_core.executor:Executing jobs using 'parallel' executor
[9.569s] DEBUG:colcon.colcon_parallel_executor.executor.parallel:run_until_complete
[9.569s] INFO:colcon.colcon_ros.task.catkin.build:Building ROS package in '/home/zhangyuanwei/ws1_livox/src/FAST_LIO_LOCALIZATION_PLUS' with build type 'catkin'
[9.569s] INFO:colcon.colcon_cmake.task.cmake.build:Building CMake package in '/home/zhangyuanwei/ws1_livox/src/FAST_LIO_LOCALIZATION_PLUS'
[9.645s] INFO:colcon.colcon_core.plugin_system:Skipping extension 'colcon_core.shell.bat': Not used on non-Windows systems
[9.645s] INFO:colcon.colcon_core.shell:Skip shell extension 'powershell' for command environment: Not usable outside of PowerShell
[9.645s] DEBUG:colcon.colcon_core.shell:Skip shell extension 'dsv' for command environment
[9.765s] DEBUG:colcon.colcon_core.event_handler.log_command:Invoking command in '/home/zhangyuanwei/ws1_livox/src/FAST_LIO_LOCALIZATION_PLUS/build/fast_lio': /usr/bin/cmake /home/zhangyuanwei/ws1_livox/src/FAST_LIO_LOCALIZATION_PLUS -DCATKIN_INSTALL_INTO_PREFIX_ROOT=0 -DCMAKE_INSTALL_PREFIX=/home/zhangyuanwei/ws1_livox/src/FAST_LIO_LOCALIZATION_PLUS/install/fast_lio
[14.980s] DEBUG:colcon.colcon_core.event_handler.log_command:Invoked command in '/home/zhangyuanwei/ws1_livox/src/FAST_LIO_LOCALIZATION_PLUS/build/fast_lio' returned '1': /usr/bin/cmake /home/zhangyuanwei/ws1_livox/src/FAST_LIO_LOCALIZATION_PLUS -DCATKIN_INSTALL_INTO_PREFIX_ROOT=0 -DCMAKE_INSTALL_PREFIX=/home/zhangyuanwei/ws1_livox/src/FAST_LIO_LOCALIZATION_PLUS/install/fast_lio
[14.995s] Level 1:colcon.colcon_core.environment:create_environment_scripts_only(fast_lio)
[15.157s] Level 1:colcon.colcon_core.environment:checking '/home/zhangyuanwei/ws1_livox/src/FAST_LIO_LOCALIZATION_PLUS/install/fast_lio' for CMake module files
[15.157s] Level 1:colcon.colcon_core.environment:checking '/home/zhangyuanwei/ws1_livox/src/FAST_LIO_LOCALIZATION_PLUS/install/fast_lio' for CMake config files
[15.157s] Level 1:colcon.colcon_core.environment:checking '/home/zhangyuanwei/ws1_livox/src/FAST_LIO_LOCALIZATION_PLUS/install/fast_lio/bin'
[15.158s] Level 1:colcon.colcon_core.environment:checking '/home/zhangyuanwei/ws1_livox/src/FAST_LIO_LOCALIZATION_PLUS/install/fast_lio/lib/pkgconfig/fast_lio.pc'
[15.158s] Level 1:colcon.colcon_core.environment:checking '/home/zhangyuanwei/ws1_livox/src/FAST_LIO_LOCALIZATION_PLUS/install/fast_lio/lib/python3.8/site-packages'
[15.158s] Level 1:colcon.colcon_core.environment:checking '/home/zhangyuanwei/ws1_livox/src/FAST_LIO_LOCALIZATION_PLUS/install/fast_lio/bin'
[15.224s] INFO:colcon.colcon_core.shell:Creating package script '/home/zhangyuanwei/ws1_livox/src/FAST_LIO_LOCALIZATION_PLUS/install/fast_lio/share/fast_lio/package.ps1'
[15.246s] INFO:colcon.colcon_core.shell:Creating package descriptor '/home/zhangyuanwei/ws1_livox/src/FAST_LIO_LOCALIZATION_PLUS/install/fast_lio/share/fast_lio/package.dsv'
[15.270s] INFO:colcon.colcon_core.shell:Creating package script '/home/zhangyuanwei/ws1_livox/src/FAST_LIO_LOCALIZATION_PLUS/install/fast_lio/share/fast_lio/package.sh'
[15.272s] INFO:colcon.colcon_core.shell:Creating package script '/home/zhangyuanwei/ws1_livox/src/FAST_LIO_LOCALIZATION_PLUS/install/fast_lio/share/fast_lio/package.bash'
[15.280s] INFO:colcon.colcon_core.shell:Creating package script '/home/zhangyuanwei/ws1_livox/src/FAST_LIO_LOCALIZATION_PLUS/install/fast_lio/share/fast_lio/package.zsh'
[15.291s] Level 1:colcon.colcon_core.environment:create_file_with_runtime_dependencies(/home/zhangyuanwei/ws1_livox/src/FAST_LIO_LOCALIZATION_PLUS/install/fast_lio/share/colcon-core/packages/fast_lio)
[15.301s] DEBUG:colcon.colcon_parallel_executor.executor.parallel:closing loop
[15.302s] DEBUG:colcon.colcon_parallel_executor.executor.parallel:loop closed
[15.302s] DEBUG:colcon.colcon_parallel_executor.executor.parallel:run_until_complete finished with '1'
[15.302s] DEBUG:colcon.colcon_core.event_reactor:joining thread
[15.366s] INFO:colcon.colcon_core.plugin_system:Skipping extension 'colcon_notification.desktop_notification.terminal_notifier': Not used on non-Darwin systems
[15.366s] INFO:colcon.colcon_core.plugin_system:Skipping extension 'colcon_notification.desktop_notification.win32': Not used on non-Windows systems
[15.366s] INFO:colcon.colcon_notification.desktop_notification:Sending desktop notification using 'notify2'
[15.385s] DEBUG:colcon.colcon_core.event_reactor:joined thread
[15.444s] INFO:colcon.colcon_core.shell:Creating prefix script '/home/zhangyuanwei/ws1_livox/src/FAST_LIO_LOCALIZATION_PLUS/install/local_setup.ps1'
[15.446s] INFO:colcon.colcon_core.shell:Creating prefix util module '/home/zhangyuanwei/ws1_livox/src/FAST_LIO_LOCALIZATION_PLUS/install/_local_setup_util_ps1.py'
[15.448s] INFO:colcon.colcon_core.shell:Creating prefix chain script '/home/zhangyuanwei/ws1_livox/src/FAST_LIO_LOCALIZATION_PLUS/install/setup.ps1'
[15.511s] INFO:colcon.colcon_core.shell:Creating prefix script '/home/zhangyuanwei/ws1_livox/src/FAST_LIO_LOCALIZATION_PLUS/install/local_setup.sh'
[15.513s] INFO:colcon.colcon_core.shell:Creating prefix util module '/home/zhangyuanwei/ws1_livox/src/FAST_LIO_LOCALIZATION_PLUS/install/_local_setup_util_sh.py'
[15.513s] INFO:colcon.colcon_core.shell:Creating prefix chain script '/home/zhangyuanwei/ws1_livox/src/FAST_LIO_LOCALIZATION_PLUS/install/setup.sh'
[15.578s] INFO:colcon.colcon_core.shell:Creating prefix script '/home/zhangyuanwei/ws1_livox/src/FAST_LIO_LOCALIZATION_PLUS/install/local_setup.bash'
[15.580s] INFO:colcon.colcon_core.shell:Creating prefix chain script '/home/zhangyuanwei/ws1_livox/src/FAST_LIO_LOCALIZATION_PLUS/install/setup.bash'
[15.646s] INFO:colcon.colcon_core.shell:Creating prefix script '/home/zhangyuanwei/ws1_livox/src/FAST_LIO_LOCALIZATION_PLUS/install/local_setup.zsh'
[15.647s] INFO:colcon.colcon_core.shell:Creating prefix chain script '/home/zhangyuanwei/ws1_livox/src/FAST_LIO_LOCALIZATION_PLUS/install/setup.zsh'
